<?xml version="1.0" encoding="utf-8"?><testsuites name="pytest tests"><testsuite name="pytest" errors="0" failures="0" skipped="3" tests="31" time="5.944" timestamp="2026-06-20T05:06:56.557369+00:00" hostname="agent-env-53c18807-72b8-4530-a106-d936c195024a"><testcase classname="backend.tests.test_crm_backend.TestAuth" name="test_login_all_roles" time="1.302" /><testcase classname="backend.tests.test_crm_backend.TestAuth" name="test_login_bad_password" time="0.314" /><testcase classname="backend.tests.test_crm_backend.TestAuth" name="test_me_unauthenticated" time="0.100" /><testcase classname="backend.tests.test_crm_backend.TestAuth" name="test_me_authenticated" time="0.368" /><testcase classname="backend.tests.test_crm_backend.TestAuth" name="test_refresh_with_cookie" time="0.365" /><testcase classname="backend.tests.test_crm_backend.TestAuth" name="test_logout" time="0.050" /><testcase classname="backend.tests.test_crm_backend.TestMeta" name="test_meta" time="0.049" /><testcase classname="backend.tests.test_crm_backend.TestLeadsRBAC" name="test_admin_sees_all" time="0.049" /><testcase classname="backend.tests.test_crm_backend.TestLeadsRBAC" name="test_sales_only_assigned" time="0.358" /><testcase classname="backend.tests.test_crm_backend.TestLeadsRBAC" name="test_designer_scope" time="0.367" /><testcase classname="backend.tests.test_crm_backend.TestLeadsRBAC" name="test_supervisor_scope" time="0.365" /><testcase classname="backend.tests.test_crm_backend.TestPipelineGates" name="test_get_lead_detail" time="0.107" /><testcase classname="backend.tests.test_crm_backend.TestPipelineGates" name="test_stage_gate_blocks_stage3_to_4_without_measurement" time="0.101"><skipped type="pytest.skip" message="no stage-3 lead without completed measurement found">/app/backend/tests/test_crm_backend.py:171: no stage-3 lead without completed measurement found</skipped></testcase><testcase classname="backend.tests.test_crm_backend.TestPipelineGates" name="test_stage_gate_unblocks_after_completion" time="0.205" /><testcase classname="backend.tests.test_crm_backend.TestPipelineGates" name="test_auto_project_on_stage3" time="0.049"><skipped type="pytest.skip" message="no early-stage lead without project">/app/backend/tests/test_crm_backend.py:208: no early-stage lead without project</skipped></testcase><testcase classname="backend.tests.test_crm_backend.TestPipelineGates" name="test_gate_4_to_5_requires_approved_revision" time="0.149" /><testcase classname="backend.tests.test_crm_backend.TestMeasurementsRevisions" name="test_supervisor_can_complete_own_measurement" time="0.088" /><testcase classname="backend.tests.test_crm_backend.TestMeasurementsRevisions" name="test_designer_can_add_revision" time="0.095" /><testcase classname="backend.tests.test_crm_backend.TestDocuments" name="test_admin_download" time="0.483" /><testcase classname="backend.tests.test_crm_backend.TestDocuments" name="test_sales_unauthorized_download" time="0.000"><skipped type="pytest.skip" message="sales user owns this lead">/app/backend/tests/test_crm_backend.py:292: sales user owns this lead</skipped></testcase><testcase classname="backend.tests.test_crm_backend.TestScoring" name="test_default_scoring" time="0.049" /><testcase classname="backend.tests.test_crm_backend.TestScoring" name="test_weights_override_recomputes" time="0.046" /><testcase classname="backend.tests.test_crm_backend.TestAutomations" name="test_list_automations" time="0.050" /><testcase classname="backend.tests.test_crm_backend.TestAutomations" name="test_toggle_automation" time="0.093" /><testcase classname="backend.tests.test_crm_backend.TestAutomations" name="test_run_checks" time="0.049" /><testcase classname="backend.tests.test_crm_backend.TestAutomations" name="test_signals" time="0.046" /><testcase classname="backend.tests.test_crm_backend.TestAutomations" name="test_toggle_requires_admin" time="0.082" /><testcase classname="backend.tests.test_crm_backend.TestAnalytics" name="test_admin_company_scope" time="0.050" /><testcase classname="backend.tests.test_crm_backend.TestAnalytics" name="test_sales_self_scope" time="0.043" /><testcase classname="backend.tests.test_crm_backend.TestUsers" name="test_admin_can_create_user" time="0.321" /><testcase classname="backend.tests.test_crm_backend.TestUsers" name="test_sales_cannot_create_user" time="0.041" /></testsuite></testsuites>