<?xml version="1.0" encoding="utf-8"?><testsuites name="pytest tests"><testsuite name="pytest" errors="0" failures="0" skipped="0" tests="28" time="5.995" timestamp="2026-06-20T09:17:55.848840+00:00" hostname="agent-env-53c18807-72b8-4530-a106-d936c195024a"><testcase classname="backend.tests.test_new_features.TestCloseLeadWorkflow" name="test_lost_without_reason_400" time="0.429" /><testcase classname="backend.tests.test_new_features.TestCloseLeadWorkflow" name="test_lost_with_reason_persists" time="0.177" /><testcase classname="backend.tests.test_new_features.TestCloseLeadWorkflow" name="test_reopen_clears_reasons" time="0.090" /><testcase classname="backend.tests.test_new_features.TestCloseLeadWorkflow" name="test_won_with_value_sets_contract" time="0.174" /><testcase classname="backend.tests.test_new_features.TestCloseLeadWorkflow" name="test_on_hold_persists" time="0.177" /><testcase classname="backend.tests.test_new_features.TestCloseLeadWorkflow" name="test_designer_cannot_close" time="0.412" /><testcase classname="backend.tests.test_new_features.TestCloseLeadWorkflow" name="test_supervisor_cannot_close" time="0.414" /><testcase classname="backend.tests.test_new_features.TestCloseLeadWorkflow" name="test_close_logs_audit" time="0.192" /><testcase classname="backend.tests.test_new_features.TestAuditLog" name="test_admin_can_list" time="0.040" /><testcase classname="backend.tests.test_new_features.TestAuditLog" name="test_non_admin_forbidden" time="0.486" /><testcase classname="backend.tests.test_new_features.TestAuditLog" name="test_actions_endpoint" time="0.043" /><testcase classname="backend.tests.test_new_features.TestAuditLog" name="test_filter_by_action" time="0.170" /><testcase classname="backend.tests.test_new_features.TestAuditLog" name="test_pagination" time="0.087" /><testcase classname="backend.tests.test_new_features.TestAuditLog" name="test_search_q" time="0.043" /><testcase classname="backend.tests.test_new_features.TestAuditLog" name="test_stage_move_creates_audit" time="0.214" /><testcase classname="backend.tests.test_new_features.TestNotifications" name="test_get_settings_admin" time="0.043" /><testcase classname="backend.tests.test_new_features.TestNotifications" name="test_get_settings_forbidden" time="0.169" /><testcase classname="backend.tests.test_new_features.TestNotifications" name="test_save_settings_persists" time="0.082" /><testcase classname="backend.tests.test_new_features.TestNotifications" name="test_save_settings_forbidden" time="0.081" /><testcase classname="backend.tests.test_new_features.TestNotifications" name="test_test_email_forbidden" time="0.081" /><testcase classname="backend.tests.test_new_features.TestNotifications" name="test_test_email_admin" time="1.490" /><testcase classname="backend.tests.test_new_features.TestRegression" name="test_meta" time="0.041" /><testcase classname="backend.tests.test_new_features.TestRegression" name="test_leads_list_no_id_leak" time="0.044" /><testcase classname="backend.tests.test_new_features.TestRegression" name="test_scoring" time="0.044" /><testcase classname="backend.tests.test_new_features.TestRegression" name="test_get_weights" time="0.044" /><testcase classname="backend.tests.test_new_features.TestRegression" name="test_automations_list" time="0.085" /><testcase classname="backend.tests.test_new_features.TestRegression" name="test_analytics" time="0.085" /><testcase classname="backend.tests.test_new_features.TestRegression" name="test_document_roundtrip" time="0.488" /></testsuite></testsuites>